<!doctype html>
<html lang="">
<head>
    <meta charset="UTF-8">
    <meta name="viewport"
          content="width=device-width, user-scalable=no, initial-scale=1.0, maximum-scale=1.0, minimum-scale=1.0">
    <meta http-equiv="X-UA-Compatible" content="ie=edge">
    <title>Test Results Report - pwjmavenpom</title>

    <link href="reportng.css" rel="stylesheet" type="text/css"/>
</head>
<body>
<div id="meta">
Generated by <a href="http://www.testng.org" target="_blank">TestNG</a> with <a href="https://github.com/testng-team/reportng" target="_blank">ReportNG</a>
at 06:48 CET on mi√©rcoles 15 noviembre 2023
    <br/><span
    id="systemInfo">lourd@LAPTOP-84FJEUOV&nbsp;/&nbsp;Java 17.0.9 (Amazon.com Inc.)&nbsp;/&nbsp;Windows 11 10.0 (amd64)</span>
</div>
<h1>pwjmavenpom</h1>

<p>
    <a href="index.html">Suites</a>
        &#183; <a href="output.html">Log Output</a>
</p>

<p>Test duration
    : 15,353s</p>


    <table class="resultsTable">
        <tr>
            <th colspan="3" class="header failed">Failed Tests</th>
        </tr>
            <tr>
                <td class="group" colspan="3">com.scrolltest.tests.LoginVWOTest</td>
            </tr>
    <tr>
        <td class="method">
                loginTest
        </td>
        <td class="duration">
            8,635s
        </td>
        <td class="result">
            <!-- Display the dependencies for skipped test methods -->

                <i>Method arguments: </i>
                <span class="arguments">
                    "93npu2yyb0@esiix.com", "Wingify@123"
                </span>
                <br/>

            <!-- Show logger output for the test -->

                <a href="javascript:toggleElement('exception-0', 'block')"
                   title="Click to expand/collapse">
                    <b>com.microsoft.playwright.PlaywrightException: Error {<br/>
&nbsp; message=&apos;Target closed<br/>
=========================== logs ===========================<br/>
waiting for locator(&quot;[data-qa=&apos;lufexuloga&apos;]&quot;) to be visible<br/>
============================================================<br/>
&nbsp; name=&apos;Error<br/>
&nbsp; stack=&apos;Error: Target closed<br/>
=========================== logs ===========================<br/>
waiting for locator(&quot;[data-qa=&apos;lufexuloga&apos;]&quot;) to be visible<br/>
============================================================<br/>
&nbsp;&nbsp;&nbsp; at C:\Users\lourd\AppData\Local\Temp\playwright-java-16122843478129735946\package\lib\server\chromium\crConnection.js:145:16<br/>
&nbsp;&nbsp;&nbsp; at new Promise (&lt;anonymous&gt;)<br/>
&nbsp;&nbsp;&nbsp; at CRSession.send (C:\Users\lourd\AppData\Local\Temp\playwright-java-16122843478129735946\package\lib\server\chromium\crConnection.js:141:12)<br/>
&nbsp;&nbsp;&nbsp; at CRExecutionContext.evaluateWithArguments (C:\Users\lourd\AppData\Local\Temp\playwright-java-16122843478129735946\package\lib\server\chromium\crExecutionContext.js:78:28)<br/>
&nbsp;&nbsp;&nbsp; at FrameExecutionContext.evaluateWithArguments (C:\Users\lourd\AppData\Local\Temp\playwright-java-16122843478129735946\package\lib\server\javascript.js:61:61)<br/>
&nbsp;&nbsp;&nbsp; at evaluateExpression (C:\Users\lourd\AppData\Local\Temp\playwright-java-16122843478129735946\package\lib\server\javascript.js:241:26)<br/>
&nbsp;&nbsp;&nbsp; at async C:\Users\lourd\AppData\Local\Temp\playwright-java-16122843478129735946\package\lib\server\frames.js:628:24<br/>
&nbsp;&nbsp;&nbsp; at async Frame.retryWithProgressAndTimeouts (C:\Users\lourd\AppData\Local\Temp\playwright-java-16122843478129735946\package\lib\server\frames.js:912:24)<br/>
&nbsp;&nbsp;&nbsp; at async ProgressController.run (C:\Users\lourd\AppData\Local\Temp\playwright-java-16122843478129735946\package\lib\server\progress.js:92:22)<br/>
&nbsp;&nbsp;&nbsp; at async FrameDispatcher.waitForSelector (C:\Users\lourd\AppData\Local\Temp\playwright-java-16122843478129735946\package\lib\server\dispatchers\frameDispatcher.js:103:85)<br/>
}</b>
                </a>
                <br/>
                <div class="stackTrace" id="exception-0">
                        com.microsoft.playwright.impl.WaitableResult.get(WaitableResult.java:54)<br/>
                        com.microsoft.playwright.impl.ChannelOwner.runUntil(ChannelOwner.java:120)<br/>
                        com.microsoft.playwright.impl.Connection.sendMessage(Connection.java:126)<br/>
                        com.microsoft.playwright.impl.ChannelOwner.sendMessage(ChannelOwner.java:106)<br/>
                        com.microsoft.playwright.impl.FrameImpl.waitForSelectorImpl(FrameImpl.java:1064)<br/>
                        com.microsoft.playwright.impl.FrameImpl.waitForSelectorImpl(FrameImpl.java:1054)<br/>
                        com.microsoft.playwright.impl.PageImpl.lambda$waitForSelector$91(PageImpl.java:1440)<br/>
                        com.microsoft.playwright.impl.LoggingSupport.withLogging(LoggingSupport.java:47)<br/>
                        com.microsoft.playwright.impl.ChannelOwner.withLogging(ChannelOwner.java:89)<br/>
                        com.microsoft.playwright.impl.PageImpl.waitForSelector(PageImpl.java:1439)<br/>
                        com.microsoft.playwright.Page.waitForSelector(Page.java:7779)<br/>
                        com.scrolltest.pages.LoginVWOPage.login(LoginVWOPage.java:26)<br/>
                        com.scrolltest.tests.LoginVWOTest.loginTest(LoginVWOTest.java:22)<br/>
                        java.base/jdk.internal.reflect.NativeMethodAccessorImpl.invoke0(Native Method)<br/>
                        java.base/jdk.internal.reflect.NativeMethodAccessorImpl.invoke(NativeMethodAccessorImpl.java:77)<br/>
                        java.base/jdk.internal.reflect.DelegatingMethodAccessorImpl.invoke(DelegatingMethodAccessorImpl.java:43)<br/>
                        java.base/java.lang.reflect.Method.invoke(Method.java:568)<br/>
                        org.testng.internal.invokers.MethodInvocationHelper.invokeMethod(MethodInvocationHelper.java:135)<br/>
                        org.testng.internal.invokers.TestInvoker.invokeMethod(TestInvoker.java:673)<br/>
                        org.testng.internal.invokers.TestInvoker.invokeTestMethod(TestInvoker.java:220)<br/>
                        org.testng.internal.invokers.MethodRunner.runInSequence(MethodRunner.java:50)<br/>
                        org.testng.internal.invokers.TestInvoker$MethodInvocationAgent.invoke(TestInvoker.java:945)<br/>
                        org.testng.internal.invokers.TestInvoker.invokeTestMethods(TestInvoker.java:193)<br/>
                        org.testng.internal.invokers.TestMethodWorker.invokeTestMethods(TestMethodWorker.java:146)<br/>
                        org.testng.internal.invokers.TestMethodWorker.run(TestMethodWorker.java:128)<br/>
                        java.base/java.util.ArrayList.forEach(ArrayList.java:1511)<br/>
                        org.testng.TestRunner.privateRun(TestRunner.java:808)<br/>
                        org.testng.TestRunner.run(TestRunner.java:603)<br/>
                        org.testng.SuiteRunner.runTest(SuiteRunner.java:429)<br/>
                        org.testng.SuiteRunner.runSequentially(SuiteRunner.java:423)<br/>
                        org.testng.SuiteRunner.privateRun(SuiteRunner.java:383)<br/>
                        org.testng.SuiteRunner.run(SuiteRunner.java:326)<br/>
                        org.testng.SuiteRunnerWorker.runSuite(SuiteRunnerWorker.java:52)<br/>
                        org.testng.SuiteRunnerWorker.run(SuiteRunnerWorker.java:95)<br/>
                        org.testng.TestNG.runSuitesSequentially(TestNG.java:1249)<br/>
                        org.testng.TestNG.runSuitesLocally(TestNG.java:1169)<br/>
                        org.testng.TestNG.runSuites(TestNG.java:1092)<br/>
                        org.testng.TestNG.run(TestNG.java:1060)<br/>
                        com.intellij.rt.testng.IDEARemoteTestNG.run(IDEARemoteTestNG.java:66)<br/>
                        com.intellij.rt.testng.RemoteTestNGStarter.main(RemoteTestNGStarter.java:109)<br/>
                        <b>Caused by: </b>
                        <a href="javascript:toggleElement('exception-1', 'block')"
                           title="Click to expand/collapse">
                            com.microsoft.playwright.impl.DriverException: Error {<br/>
&nbsp; message=&apos;Target closed<br/>
=========================== logs ===========================<br/>
waiting for locator(&quot;[data-qa=&apos;lufexuloga&apos;]&quot;) to be visible<br/>
============================================================<br/>
&nbsp; name=&apos;Error<br/>
&nbsp; stack=&apos;Error: Target closed<br/>
=========================== logs ===========================<br/>
waiting for locator(&quot;[data-qa=&apos;lufexuloga&apos;]&quot;) to be visible<br/>
============================================================<br/>
&nbsp;&nbsp;&nbsp; at C:\Users\lourd\AppData\Local\Temp\playwright-java-16122843478129735946\package\lib\server\chromium\crConnection.js:145:16<br/>
&nbsp;&nbsp;&nbsp; at new Promise (&lt;anonymous&gt;)<br/>
&nbsp;&nbsp;&nbsp; at CRSession.send (C:\Users\lourd\AppData\Local\Temp\playwright-java-16122843478129735946\package\lib\server\chromium\crConnection.js:141:12)<br/>
&nbsp;&nbsp;&nbsp; at CRExecutionContext.evaluateWithArguments (C:\Users\lourd\AppData\Local\Temp\playwright-java-16122843478129735946\package\lib\server\chromium\crExecutionContext.js:78:28)<br/>
&nbsp;&nbsp;&nbsp; at FrameExecutionContext.evaluateWithArguments (C:\Users\lourd\AppData\Local\Temp\playwright-java-16122843478129735946\package\lib\server\javascript.js:61:61)<br/>
&nbsp;&nbsp;&nbsp; at evaluateExpression (C:\Users\lourd\AppData\Local\Temp\playwright-java-16122843478129735946\package\lib\server\javascript.js:241:26)<br/>
&nbsp;&nbsp;&nbsp; at async C:\Users\lourd\AppData\Local\Temp\playwright-java-16122843478129735946\package\lib\server\frames.js:628:24<br/>
&nbsp;&nbsp;&nbsp; at async Frame.retryWithProgressAndTimeouts (C:\Users\lourd\AppData\Local\Temp\playwright-java-16122843478129735946\package\lib\server\frames.js:912:24)<br/>
&nbsp;&nbsp;&nbsp; at async ProgressController.run (C:\Users\lourd\AppData\Local\Temp\playwright-java-16122843478129735946\package\lib\server\progress.js:92:22)<br/>
&nbsp;&nbsp;&nbsp; at async FrameDispatcher.waitForSelector (C:\Users\lourd\AppData\Local\Temp\playwright-java-16122843478129735946\package\lib\server\dispatchers\frameDispatcher.js:103:85)<br/>
}
                        </a>
                        <br/>
                        <div class="stackTrace" id="exception-1">
                                com.microsoft.playwright.impl.Connection.dispatch(Connection.java:226)<br/>
                                com.microsoft.playwright.impl.Connection.processOneMessage(Connection.java:206)<br/>
                                com.microsoft.playwright.impl.ChannelOwner.runUntil(ChannelOwner.java:118)<br/>
                                com.microsoft.playwright.impl.Connection.sendMessage(Connection.java:126)<br/>
                                com.microsoft.playwright.impl.ChannelOwner.sendMessage(ChannelOwner.java:106)<br/>
                                com.microsoft.playwright.impl.FrameImpl.waitForSelectorImpl(FrameImpl.java:1064)<br/>
                                com.microsoft.playwright.impl.FrameImpl.waitForSelectorImpl(FrameImpl.java:1054)<br/>
                                com.microsoft.playwright.impl.PageImpl.lambda$waitForSelector$91(PageImpl.java:1440)<br/>
                                com.microsoft.playwright.impl.LoggingSupport.withLogging(LoggingSupport.java:47)<br/>
                                com.microsoft.playwright.impl.ChannelOwner.withLogging(ChannelOwner.java:89)<br/>
                                com.microsoft.playwright.impl.PageImpl.waitForSelector(PageImpl.java:1439)<br/>
                                com.microsoft.playwright.Page.waitForSelector(Page.java:7779)<br/>
                                com.scrolltest.pages.LoginVWOPage.login(LoginVWOPage.java:26)<br/>
                                com.scrolltest.tests.LoginVWOTest.loginTest(LoginVWOTest.java:22)<br/>
                                java.base/jdk.internal.reflect.NativeMethodAccessorImpl.invoke0(Native Method)<br/>
                                java.base/jdk.internal.reflect.NativeMethodAccessorImpl.invoke(NativeMethodAccessorImpl.java:77)<br/>
                                java.base/jdk.internal.reflect.DelegatingMethodAccessorImpl.invoke(DelegatingMethodAccessorImpl.java:43)<br/>
                                java.base/java.lang.reflect.Method.invoke(Method.java:568)<br/>
                                org.testng.internal.invokers.MethodInvocationHelper.invokeMethod(MethodInvocationHelper.java:135)<br/>
                                org.testng.internal.invokers.TestInvoker.invokeMethod(TestInvoker.java:673)<br/>
                                org.testng.internal.invokers.TestInvoker.invokeTestMethod(TestInvoker.java:220)<br/>
                                org.testng.internal.invokers.MethodRunner.runInSequence(MethodRunner.java:50)<br/>
                                org.testng.internal.invokers.TestInvoker$MethodInvocationAgent.invoke(TestInvoker.java:945)<br/>
                                org.testng.internal.invokers.TestInvoker.invokeTestMethods(TestInvoker.java:193)<br/>
                                org.testng.internal.invokers.TestMethodWorker.invokeTestMethods(TestMethodWorker.java:146)<br/>
                                org.testng.internal.invokers.TestMethodWorker.run(TestMethodWorker.java:128)<br/>
                                java.base/java.util.ArrayList.forEach(ArrayList.java:1511)<br/>
                                org.testng.TestRunner.privateRun(TestRunner.java:808)<br/>
                                org.testng.TestRunner.run(TestRunner.java:603)<br/>
                                org.testng.SuiteRunner.runTest(SuiteRunner.java:429)<br/>
                                org.testng.SuiteRunner.runSequentially(SuiteRunner.java:423)<br/>
                                org.testng.SuiteRunner.privateRun(SuiteRunner.java:383)<br/>
                                org.testng.SuiteRunner.run(SuiteRunner.java:326)<br/>
                                org.testng.SuiteRunnerWorker.runSuite(SuiteRunnerWorker.java:52)<br/>
                                org.testng.SuiteRunnerWorker.run(SuiteRunnerWorker.java:95)<br/>
                                org.testng.TestNG.runSuitesSequentially(TestNG.java:1249)<br/>
                                org.testng.TestNG.runSuitesLocally(TestNG.java:1169)<br/>
                                org.testng.TestNG.runSuites(TestNG.java:1092)<br/>
                                org.testng.TestNG.run(TestNG.java:1060)<br/>
                                com.intellij.rt.testng.IDEARemoteTestNG.run(IDEARemoteTestNG.java:66)<br/>
                                com.intellij.rt.testng.RemoteTestNGStarter.main(RemoteTestNGStarter.java:109)<br/>
                        </div>
                </div>
        </td>
    </tr>
    </table>



<script type="text/javascript" src="reportng.js"></script>
</body>
